Flow report for eth
Fri Feb 22 14:58:04 2019
Quartus II 64-Bit Version 13.0.0 Build 156 04/24/2013 SJ Full Version


---------------------
; Table of Contents ;
---------------------
  1. Legal Notice
  2. Flow Summary
  3. Flow Settings
  4. Flow Non-Default Global Settings
  5. Flow Elapsed Time
  6. Flow OS Summary
  7. Flow Log
  8. Flow Messages
  9. Flow Suppressed Messages



----------------
; Legal Notice ;
----------------
Copyright (C) 1991-2013 Altera Corporation
Your use of Altera Corporation's design tools, logic functions 
and other software and tools, and its AMPP partner logic 
functions, and any output files from any of the foregoing 
(including device programming or simulation files), and any 
associated documentation or information are expressly subject 
to the terms and conditions of the Altera Program License 
Subscription Agreement, Altera MegaCore Function License 
Agreement, or other applicable license agreement, including, 
without limitation, that your use is for the sole purpose of 
programming logic devices manufactured by Altera and sold by 
Altera or its authorized distributors.  Please refer to the 
applicable agreement for further details.



+----------------------------------------------------------------------------------+
; Flow Summary                                                                     ;
+------------------------------------+---------------------------------------------+
; Flow Status                        ; Successful - Fri Feb 22 14:58:04 2019       ;
; Quartus II 64-Bit Version          ; 13.0.0 Build 156 04/24/2013 SJ Full Version ;
; Revision Name                      ; eth                                         ;
; Top-level Entity Name              ; eth                                         ;
; Family                             ; Cyclone IV E                                ;
; Device                             ; EP4CE10F17C8                                ;
; Timing Models                      ; Final                                       ;
; Total logic elements               ; 177 / 10,320 ( 2 % )                        ;
;     Total combinational functions  ; 177 / 10,320 ( 2 % )                        ;
;     Dedicated logic registers      ; 64 / 10,320 ( < 1 % )                       ;
; Total registers                    ; 64                                          ;
; Total pins                         ; 16 / 180 ( 9 % )                            ;
; Total virtual pins                 ; 0                                           ;
; Total memory bits                  ; 0 / 423,936 ( 0 % )                         ;
; Embedded Multiplier 9-bit elements ; 0 / 46 ( 0 % )                              ;
; Total PLLs                         ; 0 / 2 ( 0 % )                               ;
+------------------------------------+---------------------------------------------+


+-----------------------------------------+
; Flow Settings                           ;
+-------------------+---------------------+
; Option            ; Setting             ;
+-------------------+---------------------+
; Start date & time ; 02/22/2019 14:57:51 ;
; Main task         ; Compilation         ;
; Revision Name     ; eth                 ;
+-------------------+---------------------+


+-----------------------------------------------------------------------------------------------------------------------------+
; Flow Non-Default Global Settings                                                                                            ;
+--------------------------------------+---------------------------------------+---------------+-------------+----------------+
; Assignment Name                      ; Value                                 ; Default Value ; Entity Name ; Section Id     ;
+--------------------------------------+---------------------------------------+---------------+-------------+----------------+
; COMPILER_SIGNATURE_ID                ; 690516656130.155081867143904          ; --            ; --          ; --             ;
; EDA_DESIGN_INSTANCE_NAME             ; NA                                    ; --            ; --          ; eth_mac_tb     ;
; EDA_DESIGN_INSTANCE_NAME             ; NA                                    ; --            ; --          ; eth_tb         ;
; EDA_NATIVELINK_SIMULATION_TEST_BENCH ; eth_tb                                ; --            ; --          ; eda_simulation ;
; EDA_OUTPUT_DATA_FORMAT               ; Verilog Hdl                           ; --            ; --          ; eda_simulation ;
; EDA_SIMULATION_TOOL                  ; ModelSim-Altera (Verilog)             ; <None>        ; --          ; --             ;
; EDA_TEST_BENCH_ENABLE_STATUS         ; TEST_BENCH_MODE                       ; --            ; --          ; eda_simulation ;
; EDA_TEST_BENCH_FILE                  ; ../tb/eth_mac_tb.v                    ; --            ; --          ; eth_mac_tb     ;
; EDA_TEST_BENCH_FILE                  ; ../rtl/eth_mac.v                      ; --            ; --          ; eth_mac_tb     ;
; EDA_TEST_BENCH_FILE                  ; ../rtl/eth.v                          ; --            ; --          ; eth_mac_tb     ;
; EDA_TEST_BENCH_FILE                  ; ../tb/eth_tb.v                        ; --            ; --          ; eth_tb         ;
; EDA_TEST_BENCH_FILE                  ; ../rtl/eth_mac.v                      ; --            ; --          ; eth_tb         ;
; EDA_TEST_BENCH_FILE                  ; ../rtl/eth.v                          ; --            ; --          ; eth_tb         ;
; EDA_TEST_BENCH_MODULE_NAME           ; eth_mac_tb                            ; --            ; --          ; eth_mac_tb     ;
; EDA_TEST_BENCH_MODULE_NAME           ; eth_tb                                ; --            ; --          ; eth_tb         ;
; EDA_TEST_BENCH_NAME                  ; eth_mac_tb                            ; --            ; --          ; eda_simulation ;
; EDA_TEST_BENCH_NAME                  ; eth_tb                                ; --            ; --          ; eda_simulation ;
; EDA_TIME_SCALE                       ; 1 ps                                  ; --            ; --          ; eda_simulation ;
; MAX_CORE_JUNCTION_TEMP               ; 85                                    ; --            ; --          ; --             ;
; MIN_CORE_JUNCTION_TEMP               ; 0                                     ; --            ; --          ; --             ;
; NOMINAL_CORE_SUPPLY_VOLTAGE          ; 1.2V                                  ; --            ; --          ; --             ;
; PARTITION_COLOR                      ; 16764057                              ; --            ; --          ; Top            ;
; PARTITION_FITTER_PRESERVATION_LEVEL  ; PLACEMENT_AND_ROUTING                 ; --            ; --          ; Top            ;
; PARTITION_NETLIST_TYPE               ; SOURCE                                ; --            ; --          ; Top            ;
; POWER_BOARD_THERMAL_MODEL            ; None (CONSERVATIVE)                   ; --            ; --          ; --             ;
; POWER_PRESET_COOLING_SOLUTION        ; 23 MM HEAT SINK WITH 200 LFPM AIRFLOW ; --            ; --          ; --             ;
; PROJECT_OUTPUT_DIRECTORY             ; output_files                          ; --            ; --          ; --             ;
+--------------------------------------+---------------------------------------+---------------+-------------+----------------+


+-------------------------------------------------------------------------------------------------------------------------------+
; Flow Elapsed Time                                                                                                             ;
+---------------------------+--------------+-------------------------+---------------------+------------------------------------+
; Module Name               ; Elapsed Time ; Average Processors Used ; Peak Virtual Memory ; Total CPU Time (on all processors) ;
+---------------------------+--------------+-------------------------+---------------------+------------------------------------+
; Analysis & Synthesis      ; 00:00:02     ; 1.0                     ; 4640 MB             ; 00:00:01                           ;
; Fitter                    ; 00:00:03     ; 1.0                     ; 5473 MB             ; 00:00:04                           ;
; Assembler                 ; 00:00:00     ; 1.0                     ; 4569 MB             ; 00:00:01                           ;
; TimeQuest Timing Analyzer ; 00:00:02     ; 1.0                     ; 4660 MB             ; 00:00:02                           ;
; EDA Netlist Writer        ; 00:00:01     ; 1.0                     ; 4539 MB             ; 00:00:01                           ;
; Total                     ; 00:00:08     ; --                      ; --                  ; 00:00:09                           ;
+---------------------------+--------------+-------------------------+---------------------+------------------------------------+


+----------------------------------------------------------------------------------------+
; Flow OS Summary                                                                        ;
+---------------------------+------------------+-----------+------------+----------------+
; Module Name               ; Machine Hostname ; OS Name   ; OS Version ; Processor type ;
+---------------------------+------------------+-----------+------------+----------------+
; Analysis & Synthesis      ; DESKTOP-L1VR7A3  ; Windows 7 ; 6.2        ; x86_64         ;
; Fitter                    ; DESKTOP-L1VR7A3  ; Windows 7 ; 6.2        ; x86_64         ;
; Assembler                 ; DESKTOP-L1VR7A3  ; Windows 7 ; 6.2        ; x86_64         ;
; TimeQuest Timing Analyzer ; DESKTOP-L1VR7A3  ; Windows 7 ; 6.2        ; x86_64         ;
; EDA Netlist Writer        ; DESKTOP-L1VR7A3  ; Windows 7 ; 6.2        ; x86_64         ;
+---------------------------+------------------+-----------+------------+----------------+


------------
; Flow Log ;
------------
quartus_map --read_settings_files=on --write_settings_files=off eth -c eth
quartus_fit --read_settings_files=off --write_settings_files=off eth -c eth
quartus_asm --read_settings_files=off --write_settings_files=off eth -c eth
quartus_sta eth -c eth
quartus_eda --read_settings_files=off --write_settings_files=off eth -c eth



